+ set -e
+ RED='\033[0;31m'
+ GREEN='\033[0;32m'
+ YELLOW='\033[1;33m'
+ BLUE='\033[0;34m'
+ NC='\033[0m'
+ main
+ print_header ==========================================
+ echo -e '\033[0;34m==========================================\033[0m'
[0;34m==========================================[0m
+ print_header '  Land Registration Network Setup'
+ echo -e '\033[0;34m  Land Registration Network Setup\033[0m'
[0;34m  Land Registration Network Setup[0m
+ print_header ==========================================
+ echo -e '\033[0;34m==========================================\033[0m'
[0;34m==========================================[0m
+ check_prerequisites
+ print_header 'Checking prerequisites...'
+ echo -e '\033[0;34mChecking prerequisites...\033[0m'
[0;34mChecking prerequisites...[0m
+ command -v docker
+ command -v docker-compose
+ docker info
+ print_status 'Prerequisites check passed.'
+ echo -e '\033[0;32m[INFO]\033[0m Prerequisites check passed.'
[0;32m[INFO][0m Prerequisites check passed.
+ generate_artifacts
+ print_header 'Generating crypto materials and channel artifacts...'
+ echo -e '\033[0;34mGenerating crypto materials and channel artifacts...\033[0m'
[0;34mGenerating crypto materials and channel artifacts...[0m
+ cd fabric-samples/test-network
+ print_status 'Tearing down old network...'
+ echo -e '\033[0;32m[INFO]\033[0m Tearing down old network...'
[0;32m[INFO][0m Tearing down old network...
+ docker-compose -f docker/docker-compose-full.yaml down -v
+ docker network rm fabric_test
